<?xml version="1.0" encoding="UTF-8"?>
<!-- Generated by org.testng.reporters.JUnitReportReporter -->
<testsuite hostname="DESKTOP-26J3KKR" failures="0" tests="4" name="tests.TestWikiSearchResult" time="32.983" errors="0" timestamp="10 Feb 2022 02:26:00 GMT" skipped="0">
  <testcase classname="tests.TestWikiSearchResult" name="testWikiSearchResult" time="9.570"/>
  <testcase classname="tests.TestWikiSearchResult" name="testWikiSearchResult" time="8.722"/>
  <testcase classname="tests.TestWikiSearchResult" name="testWikiSearchResult" time="7.390"/>
  <testcase classname="tests.TestWikiSearchResult" name="testWikiSearchResult" time="7.301"/>
</testsuite> <!-- tests.TestWikiSearchResult -->
